<?xml version="1.0" encoding="UTF-8"?>
<!-- Generated by org.testng.reporters.JUnitReportReporter -->
<testsuite hostname="DESKTOP-HP2F03R" failures="0" tests="1" name="runner.RunCuke" time="82.770" errors="0" timestamp="24 Feb 2021 07:30:54 GMT">
  <testcase classname="runner.RunCuke" name="feature" time="82.770"/>
</testsuite> <!-- runner.RunCuke -->
